<?xml version="1.0" encoding="UTF-8"?>
<testsuite xmlns:xsi="http://www.w3.org/2001/XMLSchema-instance" xsi:noNamespaceSchemaLocation="https://maven.apache.org/surefire/maven-surefire-plugin/xsd/surefire-test-report.xsd" name="com.mon.airline.AirlineApplicationTests" time="10.796" tests="5" errors="0" skipped="0" failures="0">
  <properties>
[...]
</properties>
  <testcase name="testFlightByAirlineCode" classname="com.mon.airline.AirlineApplicationTests" time="0.51"/>
  <testcase name="testNewFlight" classname="com.mon.airline.AirlineApplicationTests" time="0.006"/>
  <testcase name="testFlightRecords" classname="com.mon.airline.AirlineApplicationTests" time="0.003"/>
  <testcase name="testFlightByAirlineCodeBadRequest" classname="com.mon.airline.AirlineApplicationTests" time="0.005"/>
  <testcase name="testNewFlightBadRequest" classname="com.mon.airline.AirlineApplicationTests" time="0.001"/>
</testsuite>